<?xml version="1.0" encoding="UTF-8"?>
<!-- Generated by org.testng.reporters.JUnitReportReporter -->
<testsuite hostname="Karthick" failures="0" tests="6" name="api.test.DDTests" time="7.115" errors="0" timestamp="2024-09-09T14:03:14 IST" skipped="0">
  <testcase classname="api.test.DDTests" name="testPostUser" time="0.002"/>
  <testcase classname="api.test.DDTests" name="testPostUser" time="0.003"/>
  <testcase classname="api.test.DDTests" name="testPostUser" time="0.041"/>
  <testcase classname="api.test.DDTests" name="testDeleteUserByName" time="3.945"/>
  <testcase classname="api.test.DDTests" name="testDeleteUserByName" time="1.591"/>
  <testcase classname="api.test.DDTests" name="testDeleteUserByName" time="1.533"/>
</testsuite> <!-- api.test.DDTests -->
