<?xml version="1.0" encoding="UTF-8"?>
<!-- Generated by org.testng.reporters.JUnitReportReporter -->
<testsuite hostname="Karthick" failures="0" tests="4" name="api.test.UserTests" time="9.969" errors="0" timestamp="2024-09-06T20:04:26 IST" skipped="0">
  <testcase classname="api.test.UserTests" name="testPostUser" time="4.136"/>
  <testcase classname="api.test.UserTests" name="testGetUserByName" time="1.603"/>
  <testcase classname="api.test.UserTests" name="testUpdateUserByName" time="3.069"/>
  <testcase classname="api.test.UserTests" name="testDeleteUserByName" time="1.161"/>
</testsuite> <!-- api.test.UserTests -->
