<?xml version="1.0" encoding="UTF-8"?>
<!-- Generated by org.testng.reporters.JUnitReportReporter -->
<testsuite hostname="Karthick" failures="0" tests="6" name="api.test.DDTests" time="9.247" errors="0" timestamp="2024-09-12T18:15:04 IST" skipped="0">
  <testcase classname="api.test.DDTests" name="testPostUser" time="0.000"/>
  <testcase classname="api.test.DDTests" name="testPostUser" time="0.002"/>
  <testcase classname="api.test.DDTests" name="testPostUser" time="0.008"/>
  <testcase classname="api.test.DDTests" name="testDeleteUserByName" time="5.043"/>
  <testcase classname="api.test.DDTests" name="testDeleteUserByName" time="1.959"/>
  <testcase classname="api.test.DDTests" name="testDeleteUserByName" time="2.235"/>
</testsuite> <!-- api.test.DDTests -->
