<?xml version="1.0" encoding="UTF-8"?>
<!-- Generated by org.testng.reporters.JUnitReportReporter -->
<testsuite hostname="Karthick" failures="0" tests="4" name="api.test.UserTests" time="8.185" errors="0" timestamp="2024-09-12T18:15:03 IST" skipped="0">
  <testcase classname="api.test.UserTests" name="testPostUser" time="2.141"/>
  <testcase classname="api.test.UserTests" name="testGetUserByName" time="1.672"/>
  <testcase classname="api.test.UserTests" name="testUpdateUserByName" time="2.658"/>
  <testcase classname="api.test.UserTests" name="testDeleteUserByName" time="1.714"/>
</testsuite> <!-- api.test.UserTests -->
